<?xml version="1.0" encoding="UTF-8"?>
<testng-results ignored="0" total="2" passed="2" failed="0" skipped="0">
  <reporter-output>
  </reporter-output>
  <suite started-at="2023-10-19T11:56:01 GMT+05:30" name="Default suite" finished-at="2023-10-19T11:56:02 GMT+05:30" duration-ms="133">
    <groups>
    </groups>
    <test started-at="2023-10-19T11:56:01 GMT+05:30" name="Default test" finished-at="2023-10-19T11:56:02 GMT+05:30" duration-ms="133">
      <class name="com.bjs.TestngDemo.TestDemo">
        <test-method is-config="true" signature="fifthMetod()[pri:0, instance:com.bjs.TestngDemo.TestDemo@183ec003]" started-at="2023-10-19T11:56:01 GMT+05:30" name="fifthMetod" finished-at="2023-10-19T11:56:01 GMT+05:30" duration-ms="26" status="PASS">
          <reporter-output>
          </reporter-output>
        </test-method> <!-- fifthMetod -->
        <test-method is-config="true" signature="thirdMethod()[pri:0, instance:com.bjs.TestngDemo.TestDemo@183ec003]" started-at="2023-10-19T11:56:01 GMT+05:30" name="thirdMethod" finished-at="2023-10-19T11:56:02 GMT+05:30" duration-ms="1" status="PASS">
          <reporter-output>
          </reporter-output>
        </test-method> <!-- thirdMethod -->
        <test-method signature="firstMethod()[pri:0, instance:com.bjs.TestngDemo.TestDemo@183ec003]" started-at="2023-10-19T11:56:02 GMT+05:30" name="firstMethod" finished-at="2023-10-19T11:56:02 GMT+05:30" duration-ms="14" status="PASS">
          <reporter-output>
          </reporter-output>
        </test-method> <!-- firstMethod -->
        <test-method is-config="true" signature="fourthMethod()[pri:0, instance:com.bjs.TestngDemo.TestDemo@183ec003]" started-at="2023-10-19T11:56:02 GMT+05:30" name="fourthMethod" finished-at="2023-10-19T11:56:02 GMT+05:30" duration-ms="1" status="PASS">
          <reporter-output>
          </reporter-output>
        </test-method> <!-- fourthMethod -->
        <test-method is-config="true" signature="thirdMethod()[pri:0, instance:com.bjs.TestngDemo.TestDemo@183ec003]" started-at="2023-10-19T11:56:02 GMT+05:30" name="thirdMethod" finished-at="2023-10-19T11:56:02 GMT+05:30" duration-ms="1" status="PASS">
          <reporter-output>
          </reporter-output>
        </test-method> <!-- thirdMethod -->
        <test-method signature="secondMethod()[pri:0, instance:com.bjs.TestngDemo.TestDemo@183ec003]" started-at="2023-10-19T11:56:02 GMT+05:30" name="secondMethod" finished-at="2023-10-19T11:56:02 GMT+05:30" duration-ms="3" status="PASS">
          <reporter-output>
          </reporter-output>
        </test-method> <!-- secondMethod -->
        <test-method is-config="true" signature="fourthMethod()[pri:0, instance:com.bjs.TestngDemo.TestDemo@183ec003]" started-at="2023-10-19T11:56:02 GMT+05:30" name="fourthMethod" finished-at="2023-10-19T11:56:02 GMT+05:30" duration-ms="1" status="PASS">
          <reporter-output>
          </reporter-output>
        </test-method> <!-- fourthMethod -->
        <test-method is-config="true" signature="sixthMethod()[pri:0, instance:com.bjs.TestngDemo.TestDemo@183ec003]" started-at="2023-10-19T11:56:02 GMT+05:30" name="sixthMethod" finished-at="2023-10-19T11:56:02 GMT+05:30" duration-ms="0" status="PASS">
          <reporter-output>
          </reporter-output>
        </test-method> <!-- sixthMethod -->
      </class> <!-- com.bjs.TestngDemo.TestDemo -->
    </test> <!-- Default test -->
  </suite> <!-- Default suite -->
</testng-results>
